{"/Users/samuel/Projects/CURRENT/ICAPPS/ollie-node-express/config/env/index.js":{"path":"/Users/samuel/Projects/CURRENT/ICAPPS/ollie-node-express/config/env/index.js","s":{"1":1,"2":1},"b":{"1":[1,1]},"f":{},"fnMap":{},"statementMap":{"1":{"start":{"line":11,"column":0},"end":{"line":11,"column":58}},"2":{"start":{"line":13,"column":0},"end":{"line":15,"column":3}}},"branchMap":{"1":{"line":11,"type":"binary-expr","locations":[{"start":{"line":11,"column":20},"end":{"line":11,"column":40}},{"start":{"line":11,"column":44},"end":{"line":11,"column":57}}]}}}}